Determining if the pthread_create exist failed with the following output:
Change Dir: /home/gastal_r/Projects/R-TYPE/git-temp-build/CMakeFiles/CMakeTmp

Run Build Command:"/usr/bin/make" "cmTC_eb50d/fast"
/usr/bin/make -f CMakeFiles/cmTC_eb50d.dir/build.make CMakeFiles/cmTC_eb50d.dir/build
make[1]: Entering directory '/home/gastal_r/Projects/R-TYPE/git-temp-build/CMakeFiles/CMakeTmp'
/usr/bin/cmake: /usr/lib/libcurl-openssl-1.0/libcurl.so.4: no version information available (required by /usr/bin/cmake)
Building C object CMakeFiles/cmTC_eb50d.dir/CheckSymbolExists.c.o
/usr/bin/cc    -o CMakeFiles/cmTC_eb50d.dir/CheckSymbolExists.c.o   -c /home/gastal_r/Projects/R-TYPE/git-temp-build/CMakeFiles/CMakeTmp/CheckSymbolExists.c
/usr/bin/cmake: /usr/lib/libcurl-openssl-1.0/libcurl.so.4: no version information available (required by /usr/bin/cmake)
Linking C executable cmTC_eb50d
/usr/bin/cmake -E cmake_link_script CMakeFiles/cmTC_eb50d.dir/link.txt --verbose=1
/usr/bin/cmake: /usr/lib/libcurl-openssl-1.0/libcurl.so.4: no version information available (required by /usr/bin/cmake)
/usr/bin/cc      CMakeFiles/cmTC_eb50d.dir/CheckSymbolExists.c.o  -o cmTC_eb50d 
CMakeFiles/cmTC_eb50d.dir/CheckSymbolExists.c.o: In function `main':
CheckSymbolExists.c:(.text+0x1b): undefined reference to `pthread_create'
collect2: error: ld returned 1 exit status
make[1]: *** [CMakeFiles/cmTC_eb50d.dir/build.make:98: cmTC_eb50d] Error 1
make[1]: Leaving directory '/home/gastal_r/Projects/R-TYPE/git-temp-build/CMakeFiles/CMakeTmp'
make: *** [Makefile:126: cmTC_eb50d/fast] Error 2

File /home/gastal_r/Projects/R-TYPE/git-temp-build/CMakeFiles/CMakeTmp/CheckSymbolExists.c:
/* */
#include <pthread.h>

int main(int argc, char** argv)
{
  (void)argv;
#ifndef pthread_create
  return ((int*)(&pthread_create))[argc];
#else
  (void)argc;
  return 0;
#endif
}

