The system is: Linux - 4.14.13-1-ARCH - x86_64
Compiling the C compiler identification source file "CMakeCCompilerId.c" succeeded.
Compiler: /usr/bin/cc 
Build flags: 
Id flags:  

The output was:
0


Compilation of the C compiler identification source "CMakeCCompilerId.c" produced "a.out"

The C compiler identification is GNU, found in "/home/gastal_r/Projects/R-TYPE/git-temp-build/CMakeFiles/3.10.1/CompilerIdC/a.out"

Compiling the CXX compiler identification source file "CMakeCXXCompilerId.cpp" succeeded.
Compiler: /usr/bin/c++ 
Build flags: 
Id flags:  

The output was:
0


Compilation of the CXX compiler identification source "CMakeCXXCompilerId.cpp" produced "a.out"

The CXX compiler identification is GNU, found in "/home/gastal_r/Projects/R-TYPE/git-temp-build/CMakeFiles/3.10.1/CompilerIdCXX/a.out"

Determining if the C compiler works passed with the following output:
Change Dir: /home/gastal_r/Projects/R-TYPE/git-temp-build/CMakeFiles/CMakeTmp

Run Build Command:"/usr/bin/make" "cmTC_f7e91/fast"
/usr/bin/make -f CMakeFiles/cmTC_f7e91.dir/build.make CMakeFiles/cmTC_f7e91.dir/build
make[1]: Entering directory '/home/gastal_r/Projects/R-TYPE/git-temp-build/CMakeFiles/CMakeTmp'
/usr/bin/cmake: /usr/lib/libcurl-openssl-1.0/libcurl.so.4: no version information available (required by /usr/bin/cmake)
Building C object CMakeFiles/cmTC_f7e91.dir/testCCompiler.c.o
/usr/bin/cc    -o CMakeFiles/cmTC_f7e91.dir/testCCompiler.c.o   -c /home/gastal_r/Projects/R-TYPE/git-temp-build/CMakeFiles/CMakeTmp/testCCompiler.c
/usr/bin/cmake: /usr/lib/libcurl-openssl-1.0/libcurl.so.4: no version information available (required by /usr/bin/cmake)
Linking C executable cmTC_f7e91
/usr/bin/cmake -E cmake_link_script CMakeFiles/cmTC_f7e91.dir/link.txt --verbose=1
/usr/bin/cmake: /usr/lib/libcurl-openssl-1.0/libcurl.so.4: no version information available (required by /usr/bin/cmake)
/usr/bin/cc      CMakeFiles/cmTC_f7e91.dir/testCCompiler.c.o  -o cmTC_f7e91 
make[1]: Leaving directory '/home/gastal_r/Projects/R-TYPE/git-temp-build/CMakeFiles/CMakeTmp'


Detecting C compiler ABI info compiled with the following output:
Change Dir: /home/gastal_r/Projects/R-TYPE/git-temp-build/CMakeFiles/CMakeTmp

Run Build Command:"/usr/bin/make" "cmTC_9a49e/fast"
/usr/bin/make -f CMakeFiles/cmTC_9a49e.dir/build.make CMakeFiles/cmTC_9a49e.dir/build
make[1]: Entering directory '/home/gastal_r/Projects/R-TYPE/git-temp-build/CMakeFiles/CMakeTmp'
/usr/bin/cmake: /usr/lib/libcurl-openssl-1.0/libcurl.so.4: no version information available (required by /usr/bin/cmake)
Building C object CMakeFiles/cmTC_9a49e.dir/CMakeCCompilerABI.c.o
/usr/bin/cc    -o CMakeFiles/cmTC_9a49e.dir/CMakeCCompilerABI.c.o   -c /usr/share/cmake-3.10/Modules/CMakeCCompilerABI.c
/usr/bin/cmake: /usr/lib/libcurl-openssl-1.0/libcurl.so.4: no version information available (required by /usr/bin/cmake)
Linking C executable cmTC_9a49e
/usr/bin/cmake -E cmake_link_script CMakeFiles/cmTC_9a49e.dir/link.txt --verbose=1
/usr/bin/cmake: /usr/lib/libcurl-openssl-1.0/libcurl.so.4: no version information available (required by /usr/bin/cmake)
/usr/bin/cc     -v CMakeFiles/cmTC_9a49e.dir/CMakeCCompilerABI.c.o  -o cmTC_9a49e 
Using built-in specs.
COLLECT_GCC=/usr/bin/cc
COLLECT_LTO_WRAPPER=/usr/lib/gcc/x86_64-pc-linux-gnu/7.2.1/lto-wrapper
Target: x86_64-pc-linux-gnu
Configured with: /build/gcc/src/gcc/configure --prefix=/usr --libdir=/usr/lib --libexecdir=/usr/lib --mandir=/usr/share/man --infodir=/usr/share/info --with-bugurl=https://bugs.archlinux.org/ --enable-languages=c,c++,ada,fortran,go,lto,objc,obj-c++ --enable-shared --enable-threads=posix --enable-libmpx --with-system-zlib --with-isl --enable-__cxa_atexit --disable-libunwind-exceptions --enable-clocale=gnu --disable-libstdcxx-pch --disable-libssp --enable-gnu-unique-object --enable-linker-build-id --enable-lto --enable-plugin --enable-install-libiberty --with-linker-hash-style=gnu --enable-gnu-indirect-function --enable-multilib --disable-werror --enable-checking=release --enable-default-pie --enable-default-ssp
Thread model: posix
gcc version 7.2.1 20171224 (GCC) 
COMPILER_PATH=/usr/lib/gcc/x86_64-pc-linux-gnu/7.2.1/:/usr/lib/gcc/x86_64-pc-linux-gnu/7.2.1/:/usr/lib/gcc/x86_64-pc-linux-gnu/:/usr/lib/gcc/x86_64-pc-linux-gnu/7.2.1/:/usr/lib/gcc/x86_64-pc-linux-gnu/
LIBRARY_PATH=/usr/lib/gcc/x86_64-pc-linux-gnu/7.2.1/:/usr/lib/gcc/x86_64-pc-linux-gnu/7.2.1/../../../../lib/:/lib/../lib/:/usr/lib/../lib/:/usr/lib/gcc/x86_64-pc-linux-gnu/7.2.1/../../../:/lib/:/usr/lib/
COLLECT_GCC_OPTIONS='-v' '-o' 'cmTC_9a49e' '-mtune=generic' '-march=x86-64'
 /usr/lib/gcc/x86_64-pc-linux-gnu/7.2.1/collect2 -plugin /usr/lib/gcc/x86_64-pc-linux-gnu/7.2.1/liblto_plugin.so -plugin-opt=/usr/lib/gcc/x86_64-pc-linux-gnu/7.2.1/lto-wrapper -plugin-opt=-fresolution=/tmp/ccx4d4n0.res -plugin-opt=-pass-through=-lgcc -plugin-opt=-pass-through=-lgcc_s -plugin-opt=-pass-through=-lc -plugin-opt=-pass-through=-lgcc -plugin-opt=-pass-through=-lgcc_s --build-id --eh-frame-hdr --hash-style=gnu -m elf_x86_64 -dynamic-linker /lib64/ld-linux-x86-64.so.2 -pie -o cmTC_9a49e /usr/lib/gcc/x86_64-pc-linux-gnu/7.2.1/../../../../lib/Scrt1.o /usr/lib/gcc/x86_64-pc-linux-gnu/7.2.1/../../../../lib/crti.o /usr/lib/gcc/x86_64-pc-linux-gnu/7.2.1/crtbeginS.o -L/usr/lib/gcc/x86_64-pc-linux-gnu/7.2.1 -L/usr/lib/gcc/x86_64-pc-linux-gnu/7.2.1/../../../../lib -L/lib/../lib -L/usr/lib/../lib -L/usr/lib/gcc/x86_64-pc-linux-gnu/7.2.1/../../.. CMakeFiles/cmTC_9a49e.dir/CMakeCCompilerABI.c.o -lgcc --as-needed -lgcc_s --no-as-needed -lc -lgcc --as-needed -lgcc_s --no-as-needed /usr/lib/gcc/x86_64-pc-linux-gnu/7.2.1/crtendS.o /usr/lib/gcc/x86_64-pc-linux-gnu/7.2.1/../../../../lib/crtn.o
COLLECT_GCC_OPTIONS='-v' '-o' 'cmTC_9a49e' '-mtune=generic' '-march=x86-64'
make[1]: Leaving directory '/home/gastal_r/Projects/R-TYPE/git-temp-build/CMakeFiles/CMakeTmp'


Parsed C implicit link information from above output:
  link line regex: [^( *|.*[/\])(ld|CMAKE_LINK_STARTFILE-NOTFOUND|([^/\]+-)?ld|collect2)[^/\]*( |$)]
  ignore line: [Change Dir: /home/gastal_r/Projects/R-TYPE/git-temp-build/CMakeFiles/CMakeTmp]
  ignore line: []
  ignore line: [Run Build Command:"/usr/bin/make" "cmTC_9a49e/fast"]
  ignore line: [/usr/bin/make -f CMakeFiles/cmTC_9a49e.dir/build.make CMakeFiles/cmTC_9a49e.dir/build]
  ignore line: [make[1]: Entering directory '/home/gastal_r/Projects/R-TYPE/git-temp-build/CMakeFiles/CMakeTmp']
  ignore line: [/usr/bin/cmake: /usr/lib/libcurl-openssl-1.0/libcurl.so.4: no version information available (required by /usr/bin/cmake)]
  ignore line: [Building C object CMakeFiles/cmTC_9a49e.dir/CMakeCCompilerABI.c.o]
  ignore line: [/usr/bin/cc    -o CMakeFiles/cmTC_9a49e.dir/CMakeCCompilerABI.c.o   -c /usr/share/cmake-3.10/Modules/CMakeCCompilerABI.c]
  ignore line: [/usr/bin/cmake: /usr/lib/libcurl-openssl-1.0/libcurl.so.4: no version information available (required by /usr/bin/cmake)]
  ignore line: [Linking C executable cmTC_9a49e]
  ignore line: [/usr/bin/cmake -E cmake_link_script CMakeFiles/cmTC_9a49e.dir/link.txt --verbose=1]
  ignore line: [/usr/bin/cmake: /usr/lib/libcurl-openssl-1.0/libcurl.so.4: no version information available (required by /usr/bin/cmake)]
  ignore line: [/usr/bin/cc     -v CMakeFiles/cmTC_9a49e.dir/CMakeCCompilerABI.c.o  -o cmTC_9a49e ]
  ignore line: [Using built-in specs.]
  ignore line: [COLLECT_GCC=/usr/bin/cc]
  ignore line: [COLLECT_LTO_WRAPPER=/usr/lib/gcc/x86_64-pc-linux-gnu/7.2.1/lto-wrapper]
  ignore line: [Target: x86_64-pc-linux-gnu]
  ignore line: [Configured with: /build/gcc/src/gcc/configure --prefix=/usr --libdir=/usr/lib --libexecdir=/usr/lib --mandir=/usr/share/man --infodir=/usr/share/info --with-bugurl=https://bugs.archlinux.org/ --enable-languages=c,c++,ada,fortran,go,lto,objc,obj-c++ --enable-shared --enable-threads=posix --enable-libmpx --with-system-zlib --with-isl --enable-__cxa_atexit --disable-libunwind-exceptions --enable-clocale=gnu --disable-libstdcxx-pch --disable-libssp --enable-gnu-unique-object --enable-linker-build-id --enable-lto --enable-plugin --enable-install-libiberty --with-linker-hash-style=gnu --enable-gnu-indirect-function --enable-multilib --disable-werror --enable-checking=release --enable-default-pie --enable-default-ssp]
  ignore line: [Thread model: posix]
  ignore line: [gcc version 7.2.1 20171224 (GCC) ]
  ignore line: [COMPILER_PATH=/usr/lib/gcc/x86_64-pc-linux-gnu/7.2.1/:/usr/lib/gcc/x86_64-pc-linux-gnu/7.2.1/:/usr/lib/gcc/x86_64-pc-linux-gnu/:/usr/lib/gcc/x86_64-pc-linux-gnu/7.2.1/:/usr/lib/gcc/x86_64-pc-linux-gnu/]
  ignore line: [LIBRARY_PATH=/usr/lib/gcc/x86_64-pc-linux-gnu/7.2.1/:/usr/lib/gcc/x86_64-pc-linux-gnu/7.2.1/../../../../lib/:/lib/../lib/:/usr/lib/../lib/:/usr/lib/gcc/x86_64-pc-linux-gnu/7.2.1/../../../:/lib/:/usr/lib/]
  ignore line: [COLLECT_GCC_OPTIONS='-v' '-o' 'cmTC_9a49e' '-mtune=generic' '-march=x86-64']
  link line: [ /usr/lib/gcc/x86_64-pc-linux-gnu/7.2.1/collect2 -plugin /usr/lib/gcc/x86_64-pc-linux-gnu/7.2.1/liblto_plugin.so -plugin-opt=/usr/lib/gcc/x86_64-pc-linux-gnu/7.2.1/lto-wrapper -plugin-opt=-fresolution=/tmp/ccx4d4n0.res -plugin-opt=-pass-through=-lgcc -plugin-opt=-pass-through=-lgcc_s -plugin-opt=-pass-through=-lc -plugin-opt=-pass-through=-lgcc -plugin-opt=-pass-through=-lgcc_s --build-id --eh-frame-hdr --hash-style=gnu -m elf_x86_64 -dynamic-linker /lib64/ld-linux-x86-64.so.2 -pie -o cmTC_9a49e /usr/lib/gcc/x86_64-pc-linux-gnu/7.2.1/../../../../lib/Scrt1.o /usr/lib/gcc/x86_64-pc-linux-gnu/7.2.1/../../../../lib/crti.o /usr/lib/gcc/x86_64-pc-linux-gnu/7.2.1/crtbeginS.o -L/usr/lib/gcc/x86_64-pc-linux-gnu/7.2.1 -L/usr/lib/gcc/x86_64-pc-linux-gnu/7.2.1/../../../../lib -L/lib/../lib -L/usr/lib/../lib -L/usr/lib/gcc/x86_64-pc-linux-gnu/7.2.1/../../.. CMakeFiles/cmTC_9a49e.dir/CMakeCCompilerABI.c.o -lgcc --as-needed -lgcc_s --no-as-needed -lc -lgcc --as-needed -lgcc_s --no-as-needed /usr/lib/gcc/x86_64-pc-linux-gnu/7.2.1/crtendS.o /usr/lib/gcc/x86_64-pc-linux-gnu/7.2.1/../../../../lib/crtn.o]
    arg [/usr/lib/gcc/x86_64-pc-linux-gnu/7.2.1/collect2] ==> ignore
    arg [-plugin] ==> ignore
    arg [/usr/lib/gcc/x86_64-pc-linux-gnu/7.2.1/liblto_plugin.so] ==> ignore
    arg [-plugin-opt=/usr/lib/gcc/x86_64-pc-linux-gnu/7.2.1/lto-wrapper] ==> ignore
    arg [-plugin-opt=-fresolution=/tmp/ccx4d4n0.res] ==> ignore
    arg [-plugin-opt=-pass-through=-lgcc] ==> ignore
    arg [-plugin-opt=-pass-through=-lgcc_s] ==> ignore
    arg [-plugin-opt=-pass-through=-lc] ==> ignore
    arg [-plugin-opt=-pass-through=-lgcc] ==> ignore
    arg [-plugin-opt=-pass-through=-lgcc_s] ==> ignore
    arg [--build-id] ==> ignore
    arg [--eh-frame-hdr] ==> ignore
    arg [--hash-style=gnu] ==> ignore
    arg [-m] ==> ignore
    arg [elf_x86_64] ==> ignore
    arg [-dynamic-linker] ==> ignore
    arg [/lib64/ld-linux-x86-64.so.2] ==> ignore
    arg [-pie] ==> ignore
    arg [-o] ==> ignore
    arg [cmTC_9a49e] ==> ignore
    arg [/usr/lib/gcc/x86_64-pc-linux-gnu/7.2.1/../../../../lib/Scrt1.o] ==> ignore
    arg [/usr/lib/gcc/x86_64-pc-linux-gnu/7.2.1/../../../../lib/crti.o] ==> ignore
    arg [/usr/lib/gcc/x86_64-pc-linux-gnu/7.2.1/crtbeginS.o] ==> ignore
    arg [-L/usr/lib/gcc/x86_64-pc-linux-gnu/7.2.1] ==> dir [/usr/lib/gcc/x86_64-pc-linux-gnu/7.2.1]
    arg [-L/usr/lib/gcc/x86_64-pc-linux-gnu/7.2.1/../../../../lib] ==> dir [/usr/lib/gcc/x86_64-pc-linux-gnu/7.2.1/../../../../lib]
    arg [-L/lib/../lib] ==> dir [/lib/../lib]
    arg [-L/usr/lib/../lib] ==> dir [/usr/lib/../lib]
    arg [-L/usr/lib/gcc/x86_64-pc-linux-gnu/7.2.1/../../..] ==> dir [/usr/lib/gcc/x86_64-pc-linux-gnu/7.2.1/../../..]
    arg [CMakeFiles/cmTC_9a49e.dir/CMakeCCompilerABI.c.o] ==> ignore
    arg [-lgcc] ==> lib [gcc]
    arg [--as-needed] ==> ignore
    arg [-lgcc_s] ==> lib [gcc_s]
    arg [--no-as-needed] ==> ignore
    arg [-lc] ==> lib [c]
    arg [-lgcc] ==> lib [gcc]
    arg [--as-needed] ==> ignore
    arg [-lgcc_s] ==> lib [gcc_s]
    arg [--no-as-needed] ==> ignore
    arg [/usr/lib/gcc/x86_64-pc-linux-gnu/7.2.1/crtendS.o] ==> ignore
    arg [/usr/lib/gcc/x86_64-pc-linux-gnu/7.2.1/../../../../lib/crtn.o] ==> ignore
  collapse library dir [/usr/lib/gcc/x86_64-pc-linux-gnu/7.2.1] ==> [/usr/lib/gcc/x86_64-pc-linux-gnu/7.2.1]
  collapse library dir [/usr/lib/gcc/x86_64-pc-linux-gnu/7.2.1/../../../../lib] ==> [/usr/lib]
  collapse library dir [/lib/../lib] ==> [/lib]
  collapse library dir [/usr/lib/../lib] ==> [/usr/lib]
  collapse library dir [/usr/lib/gcc/x86_64-pc-linux-gnu/7.2.1/../../..] ==> [/usr/lib]
  implicit libs: [gcc;gcc_s;c;gcc;gcc_s]
  implicit dirs: [/usr/lib/gcc/x86_64-pc-linux-gnu/7.2.1;/usr/lib;/lib]
  implicit fwks: []




Detecting C [-std=c11] compiler features compiled with the following output:
Change Dir: /home/gastal_r/Projects/R-TYPE/git-temp-build/CMakeFiles/CMakeTmp

Run Build Command:"/usr/bin/make" "cmTC_a3c98/fast"
/usr/bin/make -f CMakeFiles/cmTC_a3c98.dir/build.make CMakeFiles/cmTC_a3c98.dir/build
make[1]: Entering directory '/home/gastal_r/Projects/R-TYPE/git-temp-build/CMakeFiles/CMakeTmp'
/usr/bin/cmake: /usr/lib/libcurl-openssl-1.0/libcurl.so.4: no version information available (required by /usr/bin/cmake)
Building C object CMakeFiles/cmTC_a3c98.dir/feature_tests.c.o
/usr/bin/cc   -std=c11 -o CMakeFiles/cmTC_a3c98.dir/feature_tests.c.o   -c /home/gastal_r/Projects/R-TYPE/git-temp-build/CMakeFiles/feature_tests.c
/usr/bin/cmake: /usr/lib/libcurl-openssl-1.0/libcurl.so.4: no version information available (required by /usr/bin/cmake)
Linking C executable cmTC_a3c98
/usr/bin/cmake -E cmake_link_script CMakeFiles/cmTC_a3c98.dir/link.txt --verbose=1
/usr/bin/cmake: /usr/lib/libcurl-openssl-1.0/libcurl.so.4: no version information available (required by /usr/bin/cmake)
/usr/bin/cc      CMakeFiles/cmTC_a3c98.dir/feature_tests.c.o  -o cmTC_a3c98 
make[1]: Leaving directory '/home/gastal_r/Projects/R-TYPE/git-temp-build/CMakeFiles/CMakeTmp'


    Feature record: C_FEATURE:1c_function_prototypes
    Feature record: C_FEATURE:1c_restrict
    Feature record: C_FEATURE:1c_static_assert
    Feature record: C_FEATURE:1c_variadic_macros


Detecting C [-std=c99] compiler features compiled with the following output:
Change Dir: /home/gastal_r/Projects/R-TYPE/git-temp-build/CMakeFiles/CMakeTmp

Run Build Command:"/usr/bin/make" "cmTC_016ec/fast"
/usr/bin/make -f CMakeFiles/cmTC_016ec.dir/build.make CMakeFiles/cmTC_016ec.dir/build
make[1]: Entering directory '/home/gastal_r/Projects/R-TYPE/git-temp-build/CMakeFiles/CMakeTmp'
/usr/bin/cmake: /usr/lib/libcurl-openssl-1.0/libcurl.so.4: no version information available (required by /usr/bin/cmake)
Building C object CMakeFiles/cmTC_016ec.dir/feature_tests.c.o
/usr/bin/cc   -std=c99 -o CMakeFiles/cmTC_016ec.dir/feature_tests.c.o   -c /home/gastal_r/Projects/R-TYPE/git-temp-build/CMakeFiles/feature_tests.c
/usr/bin/cmake: /usr/lib/libcurl-openssl-1.0/libcurl.so.4: no version information available (required by /usr/bin/cmake)
Linking C executable cmTC_016ec
/usr/bin/cmake -E cmake_link_script CMakeFiles/cmTC_016ec.dir/link.txt --verbose=1
/usr/bin/cmake: /usr/lib/libcurl-openssl-1.0/libcurl.so.4: no version information available (required by /usr/bin/cmake)
/usr/bin/cc      CMakeFiles/cmTC_016ec.dir/feature_tests.c.o  -o cmTC_016ec 
make[1]: Leaving directory '/home/gastal_r/Projects/R-TYPE/git-temp-build/CMakeFiles/CMakeTmp'


    Feature record: C_FEATURE:1c_function_prototypes
    Feature record: C_FEATURE:1c_restrict
    Feature record: C_FEATURE:0c_static_assert
    Feature record: C_FEATURE:1c_variadic_macros


Detecting C [-std=c90] compiler features compiled with the following output:
Change Dir: /home/gastal_r/Projects/R-TYPE/git-temp-build/CMakeFiles/CMakeTmp

Run Build Command:"/usr/bin/make" "cmTC_a8128/fast"
/usr/bin/make -f CMakeFiles/cmTC_a8128.dir/build.make CMakeFiles/cmTC_a8128.dir/build
make[1]: Entering directory '/home/gastal_r/Projects/R-TYPE/git-temp-build/CMakeFiles/CMakeTmp'
/usr/bin/cmake: /usr/lib/libcurl-openssl-1.0/libcurl.so.4: no version information available (required by /usr/bin/cmake)
Building C object CMakeFiles/cmTC_a8128.dir/feature_tests.c.o
/usr/bin/cc   -std=c90 -o CMakeFiles/cmTC_a8128.dir/feature_tests.c.o   -c /home/gastal_r/Projects/R-TYPE/git-temp-build/CMakeFiles/feature_tests.c
/usr/bin/cmake: /usr/lib/libcurl-openssl-1.0/libcurl.so.4: no version information available (required by /usr/bin/cmake)
Linking C executable cmTC_a8128
/usr/bin/cmake -E cmake_link_script CMakeFiles/cmTC_a8128.dir/link.txt --verbose=1
/usr/bin/cmake: /usr/lib/libcurl-openssl-1.0/libcurl.so.4: no version information available (required by /usr/bin/cmake)
/usr/bin/cc      CMakeFiles/cmTC_a8128.dir/feature_tests.c.o  -o cmTC_a8128 
make[1]: Leaving directory '/home/gastal_r/Projects/R-TYPE/git-temp-build/CMakeFiles/CMakeTmp'


    Feature record: C_FEATURE:1c_function_prototypes
    Feature record: C_FEATURE:0c_restrict
    Feature record: C_FEATURE:0c_static_assert
    Feature record: C_FEATURE:0c_variadic_macros
Determining if the CXX compiler works passed with the following output:
Change Dir: /home/gastal_r/Projects/R-TYPE/git-temp-build/CMakeFiles/CMakeTmp

Run Build Command:"/usr/bin/make" "cmTC_80271/fast"
/usr/bin/make -f CMakeFiles/cmTC_80271.dir/build.make CMakeFiles/cmTC_80271.dir/build
make[1]: Entering directory '/home/gastal_r/Projects/R-TYPE/git-temp-build/CMakeFiles/CMakeTmp'
/usr/bin/cmake: /usr/lib/libcurl-openssl-1.0/libcurl.so.4: no version information available (required by /usr/bin/cmake)
Building CXX object CMakeFiles/cmTC_80271.dir/testCXXCompiler.cxx.o
/usr/bin/c++    -std=gnu++1z -o CMakeFiles/cmTC_80271.dir/testCXXCompiler.cxx.o -c /home/gastal_r/Projects/R-TYPE/git-temp-build/CMakeFiles/CMakeTmp/testCXXCompiler.cxx
/usr/bin/cmake: /usr/lib/libcurl-openssl-1.0/libcurl.so.4: no version information available (required by /usr/bin/cmake)
Linking CXX executable cmTC_80271
/usr/bin/cmake -E cmake_link_script CMakeFiles/cmTC_80271.dir/link.txt --verbose=1
/usr/bin/cmake: /usr/lib/libcurl-openssl-1.0/libcurl.so.4: no version information available (required by /usr/bin/cmake)
/usr/bin/c++       CMakeFiles/cmTC_80271.dir/testCXXCompiler.cxx.o  -o cmTC_80271 
make[1]: Leaving directory '/home/gastal_r/Projects/R-TYPE/git-temp-build/CMakeFiles/CMakeTmp'


Detecting CXX compiler ABI info compiled with the following output:
Change Dir: /home/gastal_r/Projects/R-TYPE/git-temp-build/CMakeFiles/CMakeTmp

Run Build Command:"/usr/bin/make" "cmTC_c7eb3/fast"
/usr/bin/make -f CMakeFiles/cmTC_c7eb3.dir/build.make CMakeFiles/cmTC_c7eb3.dir/build
make[1]: Entering directory '/home/gastal_r/Projects/R-TYPE/git-temp-build/CMakeFiles/CMakeTmp'
/usr/bin/cmake: /usr/lib/libcurl-openssl-1.0/libcurl.so.4: no version information available (required by /usr/bin/cmake)
Building CXX object CMakeFiles/cmTC_c7eb3.dir/CMakeCXXCompilerABI.cpp.o
/usr/bin/c++    -std=gnu++1z -o CMakeFiles/cmTC_c7eb3.dir/CMakeCXXCompilerABI.cpp.o -c /usr/share/cmake-3.10/Modules/CMakeCXXCompilerABI.cpp
/usr/bin/cmake: /usr/lib/libcurl-openssl-1.0/libcurl.so.4: no version information available (required by /usr/bin/cmake)
Linking CXX executable cmTC_c7eb3
/usr/bin/cmake -E cmake_link_script CMakeFiles/cmTC_c7eb3.dir/link.txt --verbose=1
/usr/bin/cmake: /usr/lib/libcurl-openssl-1.0/libcurl.so.4: no version information available (required by /usr/bin/cmake)
/usr/bin/c++      -v CMakeFiles/cmTC_c7eb3.dir/CMakeCXXCompilerABI.cpp.o  -o cmTC_c7eb3 
Using built-in specs.
COLLECT_GCC=/usr/bin/c++
COLLECT_LTO_WRAPPER=/usr/lib/gcc/x86_64-pc-linux-gnu/7.2.1/lto-wrapper
Target: x86_64-pc-linux-gnu
Configured with: /build/gcc/src/gcc/configure --prefix=/usr --libdir=/usr/lib --libexecdir=/usr/lib --mandir=/usr/share/man --infodir=/usr/share/info --with-bugurl=https://bugs.archlinux.org/ --enable-languages=c,c++,ada,fortran,go,lto,objc,obj-c++ --enable-shared --enable-threads=posix --enable-libmpx --with-system-zlib --with-isl --enable-__cxa_atexit --disable-libunwind-exceptions --enable-clocale=gnu --disable-libstdcxx-pch --disable-libssp --enable-gnu-unique-object --enable-linker-build-id --enable-lto --enable-plugin --enable-install-libiberty --with-linker-hash-style=gnu --enable-gnu-indirect-function --enable-multilib --disable-werror --enable-checking=release --enable-default-pie --enable-default-ssp
Thread model: posix
gcc version 7.2.1 20171224 (GCC) 
COMPILER_PATH=/usr/lib/gcc/x86_64-pc-linux-gnu/7.2.1/:/usr/lib/gcc/x86_64-pc-linux-gnu/7.2.1/:/usr/lib/gcc/x86_64-pc-linux-gnu/:/usr/lib/gcc/x86_64-pc-linux-gnu/7.2.1/:/usr/lib/gcc/x86_64-pc-linux-gnu/
LIBRARY_PATH=/usr/lib/gcc/x86_64-pc-linux-gnu/7.2.1/:/usr/lib/gcc/x86_64-pc-linux-gnu/7.2.1/../../../../lib/:/lib/../lib/:/usr/lib/../lib/:/usr/lib/gcc/x86_64-pc-linux-gnu/7.2.1/../../../:/lib/:/usr/lib/
COLLECT_GCC_OPTIONS='-v' '-o' 'cmTC_c7eb3' '-shared-libgcc' '-mtune=generic' '-march=x86-64'
 /usr/lib/gcc/x86_64-pc-linux-gnu/7.2.1/collect2 -plugin /usr/lib/gcc/x86_64-pc-linux-gnu/7.2.1/liblto_plugin.so -plugin-opt=/usr/lib/gcc/x86_64-pc-linux-gnu/7.2.1/lto-wrapper -plugin-opt=-fresolution=/tmp/ccrnmjnI.res -plugin-opt=-pass-through=-lgcc_s -plugin-opt=-pass-through=-lgcc -plugin-opt=-pass-through=-lc -plugin-opt=-pass-through=-lgcc_s -plugin-opt=-pass-through=-lgcc --build-id --eh-frame-hdr --hash-style=gnu -m elf_x86_64 -dynamic-linker /lib64/ld-linux-x86-64.so.2 -pie -o cmTC_c7eb3 /usr/lib/gcc/x86_64-pc-linux-gnu/7.2.1/../../../../lib/Scrt1.o /usr/lib/gcc/x86_64-pc-linux-gnu/7.2.1/../../../../lib/crti.o /usr/lib/gcc/x86_64-pc-linux-gnu/7.2.1/crtbeginS.o -L/usr/lib/gcc/x86_64-pc-linux-gnu/7.2.1 -L/usr/lib/gcc/x86_64-pc-linux-gnu/7.2.1/../../../../lib -L/lib/../lib -L/usr/lib/../lib -L/usr/lib/gcc/x86_64-pc-linux-gnu/7.2.1/../../.. CMakeFiles/cmTC_c7eb3.dir/CMakeCXXCompilerABI.cpp.o -lstdc++ -lm -lgcc_s -lgcc -lc -lgcc_s -lgcc /usr/lib/gcc/x86_64-pc-linux-gnu/7.2.1/crtendS.o /usr/lib/gcc/x86_64-pc-linux-gnu/7.2.1/../../../../lib/crtn.o
COLLECT_GCC_OPTIONS='-v' '-o' 'cmTC_c7eb3' '-shared-libgcc' '-mtune=generic' '-march=x86-64'
make[1]: Leaving directory '/home/gastal_r/Projects/R-TYPE/git-temp-build/CMakeFiles/CMakeTmp'


Parsed CXX implicit link information from above output:
  link line regex: [^( *|.*[/\])(ld|CMAKE_LINK_STARTFILE-NOTFOUND|([^/\]+-)?ld|collect2)[^/\]*( |$)]
  ignore line: [Change Dir: /home/gastal_r/Projects/R-TYPE/git-temp-build/CMakeFiles/CMakeTmp]
  ignore line: []
  ignore line: [Run Build Command:"/usr/bin/make" "cmTC_c7eb3/fast"]
  ignore line: [/usr/bin/make -f CMakeFiles/cmTC_c7eb3.dir/build.make CMakeFiles/cmTC_c7eb3.dir/build]
  ignore line: [make[1]: Entering directory '/home/gastal_r/Projects/R-TYPE/git-temp-build/CMakeFiles/CMakeTmp']
  ignore line: [/usr/bin/cmake: /usr/lib/libcurl-openssl-1.0/libcurl.so.4: no version information available (required by /usr/bin/cmake)]
  ignore line: [Building CXX object CMakeFiles/cmTC_c7eb3.dir/CMakeCXXCompilerABI.cpp.o]
  ignore line: [/usr/bin/c++    -std=gnu++1z -o CMakeFiles/cmTC_c7eb3.dir/CMakeCXXCompilerABI.cpp.o -c /usr/share/cmake-3.10/Modules/CMakeCXXCompilerABI.cpp]
  ignore line: [/usr/bin/cmake: /usr/lib/libcurl-openssl-1.0/libcurl.so.4: no version information available (required by /usr/bin/cmake)]
  ignore line: [Linking CXX executable cmTC_c7eb3]
  ignore line: [/usr/bin/cmake -E cmake_link_script CMakeFiles/cmTC_c7eb3.dir/link.txt --verbose=1]
  ignore line: [/usr/bin/cmake: /usr/lib/libcurl-openssl-1.0/libcurl.so.4: no version information available (required by /usr/bin/cmake)]
  ignore line: [/usr/bin/c++      -v CMakeFiles/cmTC_c7eb3.dir/CMakeCXXCompilerABI.cpp.o  -o cmTC_c7eb3 ]
  ignore line: [Using built-in specs.]
  ignore line: [COLLECT_GCC=/usr/bin/c++]
  ignore line: [COLLECT_LTO_WRAPPER=/usr/lib/gcc/x86_64-pc-linux-gnu/7.2.1/lto-wrapper]
  ignore line: [Target: x86_64-pc-linux-gnu]
  ignore line: [Configured with: /build/gcc/src/gcc/configure --prefix=/usr --libdir=/usr/lib --libexecdir=/usr/lib --mandir=/usr/share/man --infodir=/usr/share/info --with-bugurl=https://bugs.archlinux.org/ --enable-languages=c,c++,ada,fortran,go,lto,objc,obj-c++ --enable-shared --enable-threads=posix --enable-libmpx --with-system-zlib --with-isl --enable-__cxa_atexit --disable-libunwind-exceptions --enable-clocale=gnu --disable-libstdcxx-pch --disable-libssp --enable-gnu-unique-object --enable-linker-build-id --enable-lto --enable-plugin --enable-install-libiberty --with-linker-hash-style=gnu --enable-gnu-indirect-function --enable-multilib --disable-werror --enable-checking=release --enable-default-pie --enable-default-ssp]
  ignore line: [Thread model: posix]
  ignore line: [gcc version 7.2.1 20171224 (GCC) ]
  ignore line: [COMPILER_PATH=/usr/lib/gcc/x86_64-pc-linux-gnu/7.2.1/:/usr/lib/gcc/x86_64-pc-linux-gnu/7.2.1/:/usr/lib/gcc/x86_64-pc-linux-gnu/:/usr/lib/gcc/x86_64-pc-linux-gnu/7.2.1/:/usr/lib/gcc/x86_64-pc-linux-gnu/]
  ignore line: [LIBRARY_PATH=/usr/lib/gcc/x86_64-pc-linux-gnu/7.2.1/:/usr/lib/gcc/x86_64-pc-linux-gnu/7.2.1/../../../../lib/:/lib/../lib/:/usr/lib/../lib/:/usr/lib/gcc/x86_64-pc-linux-gnu/7.2.1/../../../:/lib/:/usr/lib/]
  ignore line: [COLLECT_GCC_OPTIONS='-v' '-o' 'cmTC_c7eb3' '-shared-libgcc' '-mtune=generic' '-march=x86-64']
  link line: [ /usr/lib/gcc/x86_64-pc-linux-gnu/7.2.1/collect2 -plugin /usr/lib/gcc/x86_64-pc-linux-gnu/7.2.1/liblto_plugin.so -plugin-opt=/usr/lib/gcc/x86_64-pc-linux-gnu/7.2.1/lto-wrapper -plugin-opt=-fresolution=/tmp/ccrnmjnI.res -plugin-opt=-pass-through=-lgcc_s -plugin-opt=-pass-through=-lgcc -plugin-opt=-pass-through=-lc -plugin-opt=-pass-through=-lgcc_s -plugin-opt=-pass-through=-lgcc --build-id --eh-frame-hdr --hash-style=gnu -m elf_x86_64 -dynamic-linker /lib64/ld-linux-x86-64.so.2 -pie -o cmTC_c7eb3 /usr/lib/gcc/x86_64-pc-linux-gnu/7.2.1/../../../../lib/Scrt1.o /usr/lib/gcc/x86_64-pc-linux-gnu/7.2.1/../../../../lib/crti.o /usr/lib/gcc/x86_64-pc-linux-gnu/7.2.1/crtbeginS.o -L/usr/lib/gcc/x86_64-pc-linux-gnu/7.2.1 -L/usr/lib/gcc/x86_64-pc-linux-gnu/7.2.1/../../../../lib -L/lib/../lib -L/usr/lib/../lib -L/usr/lib/gcc/x86_64-pc-linux-gnu/7.2.1/../../.. CMakeFiles/cmTC_c7eb3.dir/CMakeCXXCompilerABI.cpp.o -lstdc++ -lm -lgcc_s -lgcc -lc -lgcc_s -lgcc /usr/lib/gcc/x86_64-pc-linux-gnu/7.2.1/crtendS.o /usr/lib/gcc/x86_64-pc-linux-gnu/7.2.1/../../../../lib/crtn.o]
    arg [/usr/lib/gcc/x86_64-pc-linux-gnu/7.2.1/collect2] ==> ignore
    arg [-plugin] ==> ignore
    arg [/usr/lib/gcc/x86_64-pc-linux-gnu/7.2.1/liblto_plugin.so] ==> ignore
    arg [-plugin-opt=/usr/lib/gcc/x86_64-pc-linux-gnu/7.2.1/lto-wrapper] ==> ignore
    arg [-plugin-opt=-fresolution=/tmp/ccrnmjnI.res] ==> ignore
    arg [-plugin-opt=-pass-through=-lgcc_s] ==> ignore
    arg [-plugin-opt=-pass-through=-lgcc] ==> ignore
    arg [-plugin-opt=-pass-through=-lc] ==> ignore
    arg [-plugin-opt=-pass-through=-lgcc_s] ==> ignore
    arg [-plugin-opt=-pass-through=-lgcc] ==> ignore
    arg [--build-id] ==> ignore
    arg [--eh-frame-hdr] ==> ignore
    arg [--hash-style=gnu] ==> ignore
    arg [-m] ==> ignore
    arg [elf_x86_64] ==> ignore
    arg [-dynamic-linker] ==> ignore
    arg [/lib64/ld-linux-x86-64.so.2] ==> ignore
    arg [-pie] ==> ignore
    arg [-o] ==> ignore
    arg [cmTC_c7eb3] ==> ignore
    arg [/usr/lib/gcc/x86_64-pc-linux-gnu/7.2.1/../../../../lib/Scrt1.o] ==> ignore
    arg [/usr/lib/gcc/x86_64-pc-linux-gnu/7.2.1/../../../../lib/crti.o] ==> ignore
    arg [/usr/lib/gcc/x86_64-pc-linux-gnu/7.2.1/crtbeginS.o] ==> ignore
    arg [-L/usr/lib/gcc/x86_64-pc-linux-gnu/7.2.1] ==> dir [/usr/lib/gcc/x86_64-pc-linux-gnu/7.2.1]
    arg [-L/usr/lib/gcc/x86_64-pc-linux-gnu/7.2.1/../../../../lib] ==> dir [/usr/lib/gcc/x86_64-pc-linux-gnu/7.2.1/../../../../lib]
    arg [-L/lib/../lib] ==> dir [/lib/../lib]
    arg [-L/usr/lib/../lib] ==> dir [/usr/lib/../lib]
    arg [-L/usr/lib/gcc/x86_64-pc-linux-gnu/7.2.1/../../..] ==> dir [/usr/lib/gcc/x86_64-pc-linux-gnu/7.2.1/../../..]
    arg [CMakeFiles/cmTC_c7eb3.dir/CMakeCXXCompilerABI.cpp.o] ==> ignore
    arg [-lstdc++] ==> lib [stdc++]
    arg [-lm] ==> lib [m]
    arg [-lgcc_s] ==> lib [gcc_s]
    arg [-lgcc] ==> lib [gcc]
    arg [-lc] ==> lib [c]
    arg [-lgcc_s] ==> lib [gcc_s]
    arg [-lgcc] ==> lib [gcc]
    arg [/usr/lib/gcc/x86_64-pc-linux-gnu/7.2.1/crtendS.o] ==> ignore
    arg [/usr/lib/gcc/x86_64-pc-linux-gnu/7.2.1/../../../../lib/crtn.o] ==> ignore
  collapse library dir [/usr/lib/gcc/x86_64-pc-linux-gnu/7.2.1] ==> [/usr/lib/gcc/x86_64-pc-linux-gnu/7.2.1]
  collapse library dir [/usr/lib/gcc/x86_64-pc-linux-gnu/7.2.1/../../../../lib] ==> [/usr/lib]
  collapse library dir [/lib/../lib] ==> [/lib]
  collapse library dir [/usr/lib/../lib] ==> [/usr/lib]
  collapse library dir [/usr/lib/gcc/x86_64-pc-linux-gnu/7.2.1/../../..] ==> [/usr/lib]
  implicit libs: [stdc++;m;gcc_s;gcc;c;gcc_s;gcc]
  implicit dirs: [/usr/lib/gcc/x86_64-pc-linux-gnu/7.2.1;/usr/lib;/lib]
  implicit fwks: []




Detecting CXX [-std=c++1z] compiler features compiled with the following output:
Change Dir: /home/gastal_r/Projects/R-TYPE/git-temp-build/CMakeFiles/CMakeTmp

Run Build Command:"/usr/bin/make" "cmTC_4dbd3/fast"
/usr/bin/make -f CMakeFiles/cmTC_4dbd3.dir/build.make CMakeFiles/cmTC_4dbd3.dir/build
make[1]: Entering directory '/home/gastal_r/Projects/R-TYPE/git-temp-build/CMakeFiles/CMakeTmp'
/usr/bin/cmake: /usr/lib/libcurl-openssl-1.0/libcurl.so.4: no version information available (required by /usr/bin/cmake)
Building CXX object CMakeFiles/cmTC_4dbd3.dir/feature_tests.cxx.o
/usr/bin/c++    -std=c++1z -std=gnu++1z -o CMakeFiles/cmTC_4dbd3.dir/feature_tests.cxx.o -c /home/gastal_r/Projects/R-TYPE/git-temp-build/CMakeFiles/feature_tests.cxx
/usr/bin/cmake: /usr/lib/libcurl-openssl-1.0/libcurl.so.4: no version information available (required by /usr/bin/cmake)
Linking CXX executable cmTC_4dbd3
/usr/bin/cmake -E cmake_link_script CMakeFiles/cmTC_4dbd3.dir/link.txt --verbose=1
/usr/bin/cmake: /usr/lib/libcurl-openssl-1.0/libcurl.so.4: no version information available (required by /usr/bin/cmake)
/usr/bin/c++       CMakeFiles/cmTC_4dbd3.dir/feature_tests.cxx.o  -o cmTC_4dbd3 
make[1]: Leaving directory '/home/gastal_r/Projects/R-TYPE/git-temp-build/CMakeFiles/CMakeTmp'


    Feature record: CXX_FEATURE:1cxx_aggregate_default_initializers
    Feature record: CXX_FEATURE:1cxx_alias_templates
    Feature record: CXX_FEATURE:1cxx_alignas
    Feature record: CXX_FEATURE:1cxx_alignof
    Feature record: CXX_FEATURE:1cxx_attributes
    Feature record: CXX_FEATURE:1cxx_attribute_deprecated
    Feature record: CXX_FEATURE:1cxx_auto_type
    Feature record: CXX_FEATURE:1cxx_binary_literals
    Feature record: CXX_FEATURE:1cxx_constexpr
    Feature record: CXX_FEATURE:1cxx_contextual_conversions
    Feature record: CXX_FEATURE:1cxx_decltype
    Feature record: CXX_FEATURE:1cxx_decltype_auto
    Feature record: CXX_FEATURE:1cxx_decltype_incomplete_return_types
    Feature record: CXX_FEATURE:1cxx_default_function_template_args
    Feature record: CXX_FEATURE:1cxx_defaulted_functions
    Feature record: CXX_FEATURE:1cxx_defaulted_move_initializers
    Feature record: CXX_FEATURE:1cxx_delegating_constructors
    Feature record: CXX_FEATURE:1cxx_deleted_functions
    Feature record: CXX_FEATURE:1cxx_digit_separators
    Feature record: CXX_FEATURE:1cxx_enum_forward_declarations
    Feature record: CXX_FEATURE:1cxx_explicit_conversions
    Feature record: CXX_FEATURE:1cxx_extended_friend_declarations
    Feature record: CXX_FEATURE:1cxx_extern_templates
    Feature record: CXX_FEATURE:1cxx_final
    Feature record: CXX_FEATURE:1cxx_func_identifier
    Feature record: CXX_FEATURE:1cxx_generalized_initializers
    Feature record: CXX_FEATURE:1cxx_generic_lambdas
    Feature record: CXX_FEATURE:1cxx_inheriting_constructors
    Feature record: CXX_FEATURE:1cxx_inline_namespaces
    Feature record: CXX_FEATURE:1cxx_lambdas
    Feature record: CXX_FEATURE:1cxx_lambda_init_captures
    Feature record: CXX_FEATURE:1cxx_local_type_template_args
    Feature record: CXX_FEATURE:1cxx_long_long_type
    Feature record: CXX_FEATURE:1cxx_noexcept
    Feature record: CXX_FEATURE:1cxx_nonstatic_member_init
    Feature record: CXX_FEATURE:1cxx_nullptr
    Feature record: CXX_FEATURE:1cxx_override
    Feature record: CXX_FEATURE:1cxx_range_for
    Feature record: CXX_FEATURE:1cxx_raw_string_literals
    Feature record: CXX_FEATURE:1cxx_reference_qualified_functions
    Feature record: CXX_FEATURE:1cxx_relaxed_constexpr
    Feature record: CXX_FEATURE:1cxx_return_type_deduction
    Feature record: CXX_FEATURE:1cxx_right_angle_brackets
    Feature record: CXX_FEATURE:1cxx_rvalue_references
    Feature record: CXX_FEATURE:1cxx_sizeof_member
    Feature record: CXX_FEATURE:1cxx_static_assert
    Feature record: CXX_FEATURE:1cxx_strong_enums
    Feature record: CXX_FEATURE:1cxx_template_template_parameters
    Feature record: CXX_FEATURE:1cxx_thread_local
    Feature record: CXX_FEATURE:1cxx_trailing_return_types
    Feature record: CXX_FEATURE:1cxx_unicode_literals
    Feature record: CXX_FEATURE:1cxx_uniform_initialization
    Feature record: CXX_FEATURE:1cxx_unrestricted_unions
    Feature record: CXX_FEATURE:1cxx_user_literals
    Feature record: CXX_FEATURE:1cxx_variable_templates
    Feature record: CXX_FEATURE:1cxx_variadic_macros
    Feature record: CXX_FEATURE:1cxx_variadic_templates


Detecting CXX [-std=c++14] compiler features compiled with the following output:
Change Dir: /home/gastal_r/Projects/R-TYPE/git-temp-build/CMakeFiles/CMakeTmp

Run Build Command:"/usr/bin/make" "cmTC_50172/fast"
/usr/bin/make -f CMakeFiles/cmTC_50172.dir/build.make CMakeFiles/cmTC_50172.dir/build
make[1]: Entering directory '/home/gastal_r/Projects/R-TYPE/git-temp-build/CMakeFiles/CMakeTmp'
/usr/bin/cmake: /usr/lib/libcurl-openssl-1.0/libcurl.so.4: no version information available (required by /usr/bin/cmake)
Building CXX object CMakeFiles/cmTC_50172.dir/feature_tests.cxx.o
/usr/bin/c++    -std=c++14 -std=gnu++1z -o CMakeFiles/cmTC_50172.dir/feature_tests.cxx.o -c /home/gastal_r/Projects/R-TYPE/git-temp-build/CMakeFiles/feature_tests.cxx
/usr/bin/cmake: /usr/lib/libcurl-openssl-1.0/libcurl.so.4: no version information available (required by /usr/bin/cmake)
Linking CXX executable cmTC_50172
/usr/bin/cmake -E cmake_link_script CMakeFiles/cmTC_50172.dir/link.txt --verbose=1
/usr/bin/cmake: /usr/lib/libcurl-openssl-1.0/libcurl.so.4: no version information available (required by /usr/bin/cmake)
/usr/bin/c++       CMakeFiles/cmTC_50172.dir/feature_tests.cxx.o  -o cmTC_50172 
make[1]: Leaving directory '/home/gastal_r/Projects/R-TYPE/git-temp-build/CMakeFiles/CMakeTmp'


    Feature record: CXX_FEATURE:1cxx_aggregate_default_initializers
    Feature record: CXX_FEATURE:1cxx_alias_templates
    Feature record: CXX_FEATURE:1cxx_alignas
    Feature record: CXX_FEATURE:1cxx_alignof
    Feature record: CXX_FEATURE:1cxx_attributes
    Feature record: CXX_FEATURE:1cxx_attribute_deprecated
    Feature record: CXX_FEATURE:1cxx_auto_type
    Feature record: CXX_FEATURE:1cxx_binary_literals
    Feature record: CXX_FEATURE:1cxx_constexpr
    Feature record: CXX_FEATURE:1cxx_contextual_conversions
    Feature record: CXX_FEATURE:1cxx_decltype
    Feature record: CXX_FEATURE:1cxx_decltype_auto
    Feature record: CXX_FEATURE:1cxx_decltype_incomplete_return_types
    Feature record: CXX_FEATURE:1cxx_default_function_template_args
    Feature record: CXX_FEATURE:1cxx_defaulted_functions
    Feature record: CXX_FEATURE:1cxx_defaulted_move_initializers
    Feature record: CXX_FEATURE:1cxx_delegating_constructors
    Feature record: CXX_FEATURE:1cxx_deleted_functions
    Feature record: CXX_FEATURE:1cxx_digit_separators
    Feature record: CXX_FEATURE:1cxx_enum_forward_declarations
    Feature record: CXX_FEATURE:1cxx_explicit_conversions
    Feature record: CXX_FEATURE:1cxx_extended_friend_declarations
    Feature record: CXX_FEATURE:1cxx_extern_templates
    Feature record: CXX_FEATURE:1cxx_final
    Feature record: CXX_FEATURE:1cxx_func_identifier
    Feature record: CXX_FEATURE:1cxx_generalized_initializers
    Feature record: CXX_FEATURE:1cxx_generic_lambdas
    Feature record: CXX_FEATURE:1cxx_inheriting_constructors
    Feature record: CXX_FEATURE:1cxx_inline_namespaces
    Feature record: CXX_FEATURE:1cxx_lambdas
    Feature record: CXX_FEATURE:1cxx_lambda_init_captures
    Feature record: CXX_FEATURE:1cxx_local_type_template_args
    Feature record: CXX_FEATURE:1cxx_long_long_type
    Feature record: CXX_FEATURE:1cxx_noexcept
    Feature record: CXX_FEATURE:1cxx_nonstatic_member_init
    Feature record: CXX_FEATURE:1cxx_nullptr
    Feature record: CXX_FEATURE:1cxx_override
    Feature record: CXX_FEATURE:1cxx_range_for
    Feature record: CXX_FEATURE:1cxx_raw_string_literals
    Feature record: CXX_FEATURE:1cxx_reference_qualified_functions
    Feature record: CXX_FEATURE:1cxx_relaxed_constexpr
    Feature record: CXX_FEATURE:1cxx_return_type_deduction
    Feature record: CXX_FEATURE:1cxx_right_angle_brackets
    Feature record: CXX_FEATURE:1cxx_rvalue_references
    Feature record: CXX_FEATURE:1cxx_sizeof_member
    Feature record: CXX_FEATURE:1cxx_static_assert
    Feature record: CXX_FEATURE:1cxx_strong_enums
    Feature record: CXX_FEATURE:1cxx_template_template_parameters
    Feature record: CXX_FEATURE:1cxx_thread_local
    Feature record: CXX_FEATURE:1cxx_trailing_return_types
    Feature record: CXX_FEATURE:1cxx_unicode_literals
    Feature record: CXX_FEATURE:1cxx_uniform_initialization
    Feature record: CXX_FEATURE:1cxx_unrestricted_unions
    Feature record: CXX_FEATURE:1cxx_user_literals
    Feature record: CXX_FEATURE:1cxx_variable_templates
    Feature record: CXX_FEATURE:1cxx_variadic_macros
    Feature record: CXX_FEATURE:1cxx_variadic_templates


Detecting CXX [-std=c++11] compiler features compiled with the following output:
Change Dir: /home/gastal_r/Projects/R-TYPE/git-temp-build/CMakeFiles/CMakeTmp

Run Build Command:"/usr/bin/make" "cmTC_70071/fast"
/usr/bin/make -f CMakeFiles/cmTC_70071.dir/build.make CMakeFiles/cmTC_70071.dir/build
make[1]: Entering directory '/home/gastal_r/Projects/R-TYPE/git-temp-build/CMakeFiles/CMakeTmp'
/usr/bin/cmake: /usr/lib/libcurl-openssl-1.0/libcurl.so.4: no version information available (required by /usr/bin/cmake)
Building CXX object CMakeFiles/cmTC_70071.dir/feature_tests.cxx.o
/usr/bin/c++    -std=c++11 -std=gnu++1z -o CMakeFiles/cmTC_70071.dir/feature_tests.cxx.o -c /home/gastal_r/Projects/R-TYPE/git-temp-build/CMakeFiles/feature_tests.cxx
/usr/bin/cmake: /usr/lib/libcurl-openssl-1.0/libcurl.so.4: no version information available (required by /usr/bin/cmake)
Linking CXX executable cmTC_70071
/usr/bin/cmake -E cmake_link_script CMakeFiles/cmTC_70071.dir/link.txt --verbose=1
/usr/bin/cmake: /usr/lib/libcurl-openssl-1.0/libcurl.so.4: no version information available (required by /usr/bin/cmake)
/usr/bin/c++       CMakeFiles/cmTC_70071.dir/feature_tests.cxx.o  -o cmTC_70071 
make[1]: Leaving directory '/home/gastal_r/Projects/R-TYPE/git-temp-build/CMakeFiles/CMakeTmp'


    Feature record: CXX_FEATURE:1cxx_aggregate_default_initializers
    Feature record: CXX_FEATURE:1cxx_alias_templates
    Feature record: CXX_FEATURE:1cxx_alignas
    Feature record: CXX_FEATURE:1cxx_alignof
    Feature record: CXX_FEATURE:1cxx_attributes
    Feature record: CXX_FEATURE:1cxx_attribute_deprecated
    Feature record: CXX_FEATURE:1cxx_auto_type
    Feature record: CXX_FEATURE:1cxx_binary_literals
    Feature record: CXX_FEATURE:1cxx_constexpr
    Feature record: CXX_FEATURE:1cxx_contextual_conversions
    Feature record: CXX_FEATURE:1cxx_decltype
    Feature record: CXX_FEATURE:1cxx_decltype_auto
    Feature record: CXX_FEATURE:1cxx_decltype_incomplete_return_types
    Feature record: CXX_FEATURE:1cxx_default_function_template_args
    Feature record: CXX_FEATURE:1cxx_defaulted_functions
    Feature record: CXX_FEATURE:1cxx_defaulted_move_initializers
    Feature record: CXX_FEATURE:1cxx_delegating_constructors
    Feature record: CXX_FEATURE:1cxx_deleted_functions
    Feature record: CXX_FEATURE:1cxx_digit_separators
    Feature record: CXX_FEATURE:1cxx_enum_forward_declarations
    Feature record: CXX_FEATURE:1cxx_explicit_conversions
    Feature record: CXX_FEATURE:1cxx_extended_friend_declarations
    Feature record: CXX_FEATURE:1cxx_extern_templates
    Feature record: CXX_FEATURE:1cxx_final
    Feature record: CXX_FEATURE:1cxx_func_identifier
    Feature record: CXX_FEATURE:1cxx_generalized_initializers
    Feature record: CXX_FEATURE:1cxx_generic_lambdas
    Feature record: CXX_FEATURE:1cxx_inheriting_constructors
    Feature record: CXX_FEATURE:1cxx_inline_namespaces
    Feature record: CXX_FEATURE:1cxx_lambdas
    Feature record: CXX_FEATURE:1cxx_lambda_init_captures
    Feature record: CXX_FEATURE:1cxx_local_type_template_args
    Feature record: CXX_FEATURE:1cxx_long_long_type
    Feature record: CXX_FEATURE:1cxx_noexcept
    Feature record: CXX_FEATURE:1cxx_nonstatic_member_init
    Feature record: CXX_FEATURE:1cxx_nullptr
    Feature record: CXX_FEATURE:1cxx_override
    Feature record: CXX_FEATURE:1cxx_range_for
    Feature record: CXX_FEATURE:1cxx_raw_string_literals
    Feature record: CXX_FEATURE:1cxx_reference_qualified_functions
    Feature record: CXX_FEATURE:1cxx_relaxed_constexpr
    Feature record: CXX_FEATURE:1cxx_return_type_deduction
    Feature record: CXX_FEATURE:1cxx_right_angle_brackets
    Feature record: CXX_FEATURE:1cxx_rvalue_references
    Feature record: CXX_FEATURE:1cxx_sizeof_member
    Feature record: CXX_FEATURE:1cxx_static_assert
    Feature record: CXX_FEATURE:1cxx_strong_enums
    Feature record: CXX_FEATURE:1cxx_template_template_parameters
    Feature record: CXX_FEATURE:1cxx_thread_local
    Feature record: CXX_FEATURE:1cxx_trailing_return_types
    Feature record: CXX_FEATURE:1cxx_unicode_literals
    Feature record: CXX_FEATURE:1cxx_uniform_initialization
    Feature record: CXX_FEATURE:1cxx_unrestricted_unions
    Feature record: CXX_FEATURE:1cxx_user_literals
    Feature record: CXX_FEATURE:1cxx_variable_templates
    Feature record: CXX_FEATURE:1cxx_variadic_macros
    Feature record: CXX_FEATURE:1cxx_variadic_templates


Detecting CXX [-std=c++98] compiler features compiled with the following output:
Change Dir: /home/gastal_r/Projects/R-TYPE/git-temp-build/CMakeFiles/CMakeTmp

Run Build Command:"/usr/bin/make" "cmTC_8735f/fast"
/usr/bin/make -f CMakeFiles/cmTC_8735f.dir/build.make CMakeFiles/cmTC_8735f.dir/build
make[1]: Entering directory '/home/gastal_r/Projects/R-TYPE/git-temp-build/CMakeFiles/CMakeTmp'
/usr/bin/cmake: /usr/lib/libcurl-openssl-1.0/libcurl.so.4: no version information available (required by /usr/bin/cmake)
Building CXX object CMakeFiles/cmTC_8735f.dir/feature_tests.cxx.o
/usr/bin/c++    -std=c++98 -std=gnu++1z -o CMakeFiles/cmTC_8735f.dir/feature_tests.cxx.o -c /home/gastal_r/Projects/R-TYPE/git-temp-build/CMakeFiles/feature_tests.cxx
/usr/bin/cmake: /usr/lib/libcurl-openssl-1.0/libcurl.so.4: no version information available (required by /usr/bin/cmake)
Linking CXX executable cmTC_8735f
/usr/bin/cmake -E cmake_link_script CMakeFiles/cmTC_8735f.dir/link.txt --verbose=1
/usr/bin/cmake: /usr/lib/libcurl-openssl-1.0/libcurl.so.4: no version information available (required by /usr/bin/cmake)
/usr/bin/c++       CMakeFiles/cmTC_8735f.dir/feature_tests.cxx.o  -o cmTC_8735f 
make[1]: Leaving directory '/home/gastal_r/Projects/R-TYPE/git-temp-build/CMakeFiles/CMakeTmp'


    Feature record: CXX_FEATURE:1cxx_aggregate_default_initializers
    Feature record: CXX_FEATURE:1cxx_alias_templates
    Feature record: CXX_FEATURE:1cxx_alignas
    Feature record: CXX_FEATURE:1cxx_alignof
    Feature record: CXX_FEATURE:1cxx_attributes
    Feature record: CXX_FEATURE:1cxx_attribute_deprecated
    Feature record: CXX_FEATURE:1cxx_auto_type
    Feature record: CXX_FEATURE:1cxx_binary_literals
    Feature record: CXX_FEATURE:1cxx_constexpr
    Feature record: CXX_FEATURE:1cxx_contextual_conversions
    Feature record: CXX_FEATURE:1cxx_decltype
    Feature record: CXX_FEATURE:1cxx_decltype_auto
    Feature record: CXX_FEATURE:1cxx_decltype_incomplete_return_types
    Feature record: CXX_FEATURE:1cxx_default_function_template_args
    Feature record: CXX_FEATURE:1cxx_defaulted_functions
    Feature record: CXX_FEATURE:1cxx_defaulted_move_initializers
    Feature record: CXX_FEATURE:1cxx_delegating_constructors
    Feature record: CXX_FEATURE:1cxx_deleted_functions
    Feature record: CXX_FEATURE:1cxx_digit_separators
    Feature record: CXX_FEATURE:1cxx_enum_forward_declarations
    Feature record: CXX_FEATURE:1cxx_explicit_conversions
    Feature record: CXX_FEATURE:1cxx_extended_friend_declarations
    Feature record: CXX_FEATURE:1cxx_extern_templates
    Feature record: CXX_FEATURE:1cxx_final
    Feature record: CXX_FEATURE:1cxx_func_identifier
    Feature record: CXX_FEATURE:1cxx_generalized_initializers
    Feature record: CXX_FEATURE:1cxx_generic_lambdas
    Feature record: CXX_FEATURE:1cxx_inheriting_constructors
    Feature record: CXX_FEATURE:1cxx_inline_namespaces
    Feature record: CXX_FEATURE:1cxx_lambdas
    Feature record: CXX_FEATURE:1cxx_lambda_init_captures
    Feature record: CXX_FEATURE:1cxx_local_type_template_args
    Feature record: CXX_FEATURE:1cxx_long_long_type
    Feature record: CXX_FEATURE:1cxx_noexcept
    Feature record: CXX_FEATURE:1cxx_nonstatic_member_init
    Feature record: CXX_FEATURE:1cxx_nullptr
    Feature record: CXX_FEATURE:1cxx_override
    Feature record: CXX_FEATURE:1cxx_range_for
    Feature record: CXX_FEATURE:1cxx_raw_string_literals
    Feature record: CXX_FEATURE:1cxx_reference_qualified_functions
    Feature record: CXX_FEATURE:1cxx_relaxed_constexpr
    Feature record: CXX_FEATURE:1cxx_return_type_deduction
    Feature record: CXX_FEATURE:1cxx_right_angle_brackets
    Feature record: CXX_FEATURE:1cxx_rvalue_references
    Feature record: CXX_FEATURE:1cxx_sizeof_member
    Feature record: CXX_FEATURE:1cxx_static_assert
    Feature record: CXX_FEATURE:1cxx_strong_enums
    Feature record: CXX_FEATURE:1cxx_template_template_parameters
    Feature record: CXX_FEATURE:1cxx_thread_local
    Feature record: CXX_FEATURE:1cxx_trailing_return_types
    Feature record: CXX_FEATURE:1cxx_unicode_literals
    Feature record: CXX_FEATURE:1cxx_uniform_initialization
    Feature record: CXX_FEATURE:1cxx_unrestricted_unions
    Feature record: CXX_FEATURE:1cxx_user_literals
    Feature record: CXX_FEATURE:1cxx_variable_templates
    Feature record: CXX_FEATURE:1cxx_variadic_macros
    Feature record: CXX_FEATURE:1cxx_variadic_templates
Determining if the include file pthread.h exists passed with the following output:
Change Dir: /home/gastal_r/Projects/R-TYPE/git-temp-build/CMakeFiles/CMakeTmp

Run Build Command:"/usr/bin/make" "cmTC_7bc93/fast"
/usr/bin/make -f CMakeFiles/cmTC_7bc93.dir/build.make CMakeFiles/cmTC_7bc93.dir/build
make[1]: Entering directory '/home/gastal_r/Projects/R-TYPE/git-temp-build/CMakeFiles/CMakeTmp'
/usr/bin/cmake: /usr/lib/libcurl-openssl-1.0/libcurl.so.4: no version information available (required by /usr/bin/cmake)
Building C object CMakeFiles/cmTC_7bc93.dir/CheckIncludeFile.c.o
/usr/bin/cc    -o CMakeFiles/cmTC_7bc93.dir/CheckIncludeFile.c.o   -c /home/gastal_r/Projects/R-TYPE/git-temp-build/CMakeFiles/CMakeTmp/CheckIncludeFile.c
/usr/bin/cmake: /usr/lib/libcurl-openssl-1.0/libcurl.so.4: no version information available (required by /usr/bin/cmake)
Linking C executable cmTC_7bc93
/usr/bin/cmake -E cmake_link_script CMakeFiles/cmTC_7bc93.dir/link.txt --verbose=1
/usr/bin/cmake: /usr/lib/libcurl-openssl-1.0/libcurl.so.4: no version information available (required by /usr/bin/cmake)
/usr/bin/cc      CMakeFiles/cmTC_7bc93.dir/CheckIncludeFile.c.o  -o cmTC_7bc93 
make[1]: Leaving directory '/home/gastal_r/Projects/R-TYPE/git-temp-build/CMakeFiles/CMakeTmp'


Determining if the function XOpenDisplay exists in the /usr/lib/libX11.so;/usr/lib/libXext.so passed with the following output:
Change Dir: /home/gastal_r/Projects/R-TYPE/git-temp-build/CMakeFiles/CMakeTmp

Run Build Command:"/usr/bin/make" "cmTC_b7ac4/fast"
/usr/bin/make -f CMakeFiles/cmTC_b7ac4.dir/build.make CMakeFiles/cmTC_b7ac4.dir/build
make[1]: Entering directory '/home/gastal_r/Projects/R-TYPE/git-temp-build/CMakeFiles/CMakeTmp'
/usr/bin/cmake: /usr/lib/libcurl-openssl-1.0/libcurl.so.4: no version information available (required by /usr/bin/cmake)
Building C object CMakeFiles/cmTC_b7ac4.dir/CheckFunctionExists.c.o
/usr/bin/cc   -DCHECK_FUNCTION_EXISTS=XOpenDisplay   -o CMakeFiles/cmTC_b7ac4.dir/CheckFunctionExists.c.o   -c /usr/share/cmake-3.10/Modules/CheckFunctionExists.c
/usr/bin/cmake: /usr/lib/libcurl-openssl-1.0/libcurl.so.4: no version information available (required by /usr/bin/cmake)
Linking C executable cmTC_b7ac4
/usr/bin/cmake -E cmake_link_script CMakeFiles/cmTC_b7ac4.dir/link.txt --verbose=1
/usr/bin/cmake: /usr/lib/libcurl-openssl-1.0/libcurl.so.4: no version information available (required by /usr/bin/cmake)
/usr/bin/cc  -DCHECK_FUNCTION_EXISTS=XOpenDisplay    -rdynamic CMakeFiles/cmTC_b7ac4.dir/CheckFunctionExists.c.o  -o cmTC_b7ac4 /usr/lib/libX11.so /usr/lib/libXext.so 
make[1]: Leaving directory '/home/gastal_r/Projects/R-TYPE/git-temp-build/CMakeFiles/CMakeTmp'


Determining if the function gethostbyname exists passed with the following output:
Change Dir: /home/gastal_r/Projects/R-TYPE/git-temp-build/CMakeFiles/CMakeTmp

Run Build Command:"/usr/bin/make" "cmTC_c4165/fast"
/usr/bin/make -f CMakeFiles/cmTC_c4165.dir/build.make CMakeFiles/cmTC_c4165.dir/build
make[1]: Entering directory '/home/gastal_r/Projects/R-TYPE/git-temp-build/CMakeFiles/CMakeTmp'
/usr/bin/cmake: /usr/lib/libcurl-openssl-1.0/libcurl.so.4: no version information available (required by /usr/bin/cmake)
Building C object CMakeFiles/cmTC_c4165.dir/CheckFunctionExists.c.o
/usr/bin/cc   -DCHECK_FUNCTION_EXISTS=gethostbyname   -o CMakeFiles/cmTC_c4165.dir/CheckFunctionExists.c.o   -c /usr/share/cmake-3.10/Modules/CheckFunctionExists.c
/usr/bin/cmake: /usr/lib/libcurl-openssl-1.0/libcurl.so.4: no version information available (required by /usr/bin/cmake)
Linking C executable cmTC_c4165
/usr/bin/cmake -E cmake_link_script CMakeFiles/cmTC_c4165.dir/link.txt --verbose=1
/usr/bin/cmake: /usr/lib/libcurl-openssl-1.0/libcurl.so.4: no version information available (required by /usr/bin/cmake)
/usr/bin/cc  -DCHECK_FUNCTION_EXISTS=gethostbyname    -rdynamic CMakeFiles/cmTC_c4165.dir/CheckFunctionExists.c.o  -o cmTC_c4165 
make[1]: Leaving directory '/home/gastal_r/Projects/R-TYPE/git-temp-build/CMakeFiles/CMakeTmp'


Determining if the function connect exists passed with the following output:
Change Dir: /home/gastal_r/Projects/R-TYPE/git-temp-build/CMakeFiles/CMakeTmp

Run Build Command:"/usr/bin/make" "cmTC_0e236/fast"
/usr/bin/make -f CMakeFiles/cmTC_0e236.dir/build.make CMakeFiles/cmTC_0e236.dir/build
make[1]: Entering directory '/home/gastal_r/Projects/R-TYPE/git-temp-build/CMakeFiles/CMakeTmp'
/usr/bin/cmake: /usr/lib/libcurl-openssl-1.0/libcurl.so.4: no version information available (required by /usr/bin/cmake)
Building C object CMakeFiles/cmTC_0e236.dir/CheckFunctionExists.c.o
/usr/bin/cc   -DCHECK_FUNCTION_EXISTS=connect   -o CMakeFiles/cmTC_0e236.dir/CheckFunctionExists.c.o   -c /usr/share/cmake-3.10/Modules/CheckFunctionExists.c
/usr/bin/cmake: /usr/lib/libcurl-openssl-1.0/libcurl.so.4: no version information available (required by /usr/bin/cmake)
Linking C executable cmTC_0e236
/usr/bin/cmake -E cmake_link_script CMakeFiles/cmTC_0e236.dir/link.txt --verbose=1
/usr/bin/cmake: /usr/lib/libcurl-openssl-1.0/libcurl.so.4: no version information available (required by /usr/bin/cmake)
/usr/bin/cc  -DCHECK_FUNCTION_EXISTS=connect    -rdynamic CMakeFiles/cmTC_0e236.dir/CheckFunctionExists.c.o  -o cmTC_0e236 
make[1]: Leaving directory '/home/gastal_r/Projects/R-TYPE/git-temp-build/CMakeFiles/CMakeTmp'


Determining if the function remove exists passed with the following output:
Change Dir: /home/gastal_r/Projects/R-TYPE/git-temp-build/CMakeFiles/CMakeTmp

Run Build Command:"/usr/bin/make" "cmTC_c60e8/fast"
/usr/bin/make -f CMakeFiles/cmTC_c60e8.dir/build.make CMakeFiles/cmTC_c60e8.dir/build
make[1]: Entering directory '/home/gastal_r/Projects/R-TYPE/git-temp-build/CMakeFiles/CMakeTmp'
/usr/bin/cmake: /usr/lib/libcurl-openssl-1.0/libcurl.so.4: no version information available (required by /usr/bin/cmake)
Building C object CMakeFiles/cmTC_c60e8.dir/CheckFunctionExists.c.o
/usr/bin/cc   -DCHECK_FUNCTION_EXISTS=remove   -o CMakeFiles/cmTC_c60e8.dir/CheckFunctionExists.c.o   -c /usr/share/cmake-3.10/Modules/CheckFunctionExists.c
/usr/bin/cmake: /usr/lib/libcurl-openssl-1.0/libcurl.so.4: no version information available (required by /usr/bin/cmake)
Linking C executable cmTC_c60e8
/usr/bin/cmake -E cmake_link_script CMakeFiles/cmTC_c60e8.dir/link.txt --verbose=1
/usr/bin/cmake: /usr/lib/libcurl-openssl-1.0/libcurl.so.4: no version information available (required by /usr/bin/cmake)
/usr/bin/cc  -DCHECK_FUNCTION_EXISTS=remove    -rdynamic CMakeFiles/cmTC_c60e8.dir/CheckFunctionExists.c.o  -o cmTC_c60e8 
make[1]: Leaving directory '/home/gastal_r/Projects/R-TYPE/git-temp-build/CMakeFiles/CMakeTmp'


Determining if the function shmat exists passed with the following output:
Change Dir: /home/gastal_r/Projects/R-TYPE/git-temp-build/CMakeFiles/CMakeTmp

Run Build Command:"/usr/bin/make" "cmTC_b746e/fast"
/usr/bin/make -f CMakeFiles/cmTC_b746e.dir/build.make CMakeFiles/cmTC_b746e.dir/build
make[1]: Entering directory '/home/gastal_r/Projects/R-TYPE/git-temp-build/CMakeFiles/CMakeTmp'
/usr/bin/cmake: /usr/lib/libcurl-openssl-1.0/libcurl.so.4: no version information available (required by /usr/bin/cmake)
Building C object CMakeFiles/cmTC_b746e.dir/CheckFunctionExists.c.o
/usr/bin/cc   -DCHECK_FUNCTION_EXISTS=shmat   -o CMakeFiles/cmTC_b746e.dir/CheckFunctionExists.c.o   -c /usr/share/cmake-3.10/Modules/CheckFunctionExists.c
/usr/bin/cmake: /usr/lib/libcurl-openssl-1.0/libcurl.so.4: no version information available (required by /usr/bin/cmake)
Linking C executable cmTC_b746e
/usr/bin/cmake -E cmake_link_script CMakeFiles/cmTC_b746e.dir/link.txt --verbose=1
/usr/bin/cmake: /usr/lib/libcurl-openssl-1.0/libcurl.so.4: no version information available (required by /usr/bin/cmake)
/usr/bin/cc  -DCHECK_FUNCTION_EXISTS=shmat    -rdynamic CMakeFiles/cmTC_b746e.dir/CheckFunctionExists.c.o  -o cmTC_b746e 
make[1]: Leaving directory '/home/gastal_r/Projects/R-TYPE/git-temp-build/CMakeFiles/CMakeTmp'


Determining if the function IceConnectionNumber exists in the ICE passed with the following output:
Change Dir: /home/gastal_r/Projects/R-TYPE/git-temp-build/CMakeFiles/CMakeTmp

Run Build Command:"/usr/bin/make" "cmTC_8d7de/fast"
/usr/bin/make -f CMakeFiles/cmTC_8d7de.dir/build.make CMakeFiles/cmTC_8d7de.dir/build
make[1]: Entering directory '/home/gastal_r/Projects/R-TYPE/git-temp-build/CMakeFiles/CMakeTmp'
/usr/bin/cmake: /usr/lib/libcurl-openssl-1.0/libcurl.so.4: no version information available (required by /usr/bin/cmake)
Building C object CMakeFiles/cmTC_8d7de.dir/CheckFunctionExists.c.o
/usr/bin/cc   -DCHECK_FUNCTION_EXISTS=IceConnectionNumber   -o CMakeFiles/cmTC_8d7de.dir/CheckFunctionExists.c.o   -c /usr/share/cmake-3.10/Modules/CheckFunctionExists.c
/usr/bin/cmake: /usr/lib/libcurl-openssl-1.0/libcurl.so.4: no version information available (required by /usr/bin/cmake)
Linking C executable cmTC_8d7de
/usr/bin/cmake -E cmake_link_script CMakeFiles/cmTC_8d7de.dir/link.txt --verbose=1
/usr/bin/cmake: /usr/lib/libcurl-openssl-1.0/libcurl.so.4: no version information available (required by /usr/bin/cmake)
/usr/bin/cc  -DCHECK_FUNCTION_EXISTS=IceConnectionNumber    -rdynamic CMakeFiles/cmTC_8d7de.dir/CheckFunctionExists.c.o  -o cmTC_8d7de -lICE 
make[1]: Leaving directory '/home/gastal_r/Projects/R-TYPE/git-temp-build/CMakeFiles/CMakeTmp'


